<?xml version="1.0" encoding="UTF-8"?>
<!-- Generated by org.testng.reporters.JUnitXMLReporter -->
<testsuite ignored="3" hostname="Pradnya-Nandrekar" failures="2" tests="21" name="Test" time="760.807" errors="0" timestamp="2025-01-31T18:22:33 IST">
  <testcase classname="ECommerce_TestCases.TestCase01" name="User_Registration_Test" time="10.48">
    <skipped/>
  </testcase> <!-- User_Registration_Test -->
  <testcase classname="ECommerce_TestCases.TestCase01" name="User_Registration_Test" time="16.56"/>
  <testcase classname="ECommerce_TestCases.TestCase08_trial" name="Sorting_Product_ByPrice_LtoH" time="20.822">
    <failure type="java.lang.AssertionError" message="TestCase 08 - Failed - Price Sorting L to H failed expected [0] but found [4]">
      <![CDATA[java.lang.AssertionError: TestCase 08 - Failed - Price Sorting L to H failed expected [0] but found [4]
at ECommerce_TestCases.TestCase08_trial.Sorting_Product_ByPrice_LtoH(TestCase08_trial.java:56)
at java.base/java.util.ArrayList.forEach(ArrayList.java:1597)
at java.base/java.util.concurrent.FutureTask.run(FutureTask.java:317)
at java.base/java.util.concurrent.ThreadPoolExecutor.runWorker(ThreadPoolExecutor.java:1144)
at java.base/java.util.concurrent.ThreadPoolExecutor$Worker.run(ThreadPoolExecutor.java:642)
at java.base/java.lang.Thread.run(Thread.java:1570)
... Removed 21 stack frames]]>
    </failure>
  </testcase> <!-- Sorting_Product_ByPrice_LtoH -->
  <testcase classname="ECommerce_TestCases.TestCase02" name="SignIn" time="15.103"/>
  <testcase classname="ECommerce_TestCases.TestCase03" name="SignIn_Invalid_Password" time="16.023"/>
  <testcase classname="ECommerce_TestCases.TestCase03" name="SignIn_Invalid_UN" time="10.822"/>
  <testcase classname="ECommerce_TestCases.TestCase04" name="Edit_info_from_LoginSecurity" time="27.065"/>
  <testcase classname="ECommerce_TestCases.TestCase05" name="SearchProduct_Test" time="5.586"/>
  <testcase classname="ECommerce_TestCases.TestCase06" name="searching_Wt_Filters" time="38.555">
    <skipped/>
  </testcase> <!-- searching_Wt_Filters -->
  <testcase classname="ECommerce_TestCases.TestCase06" name="searching_Wt_Filters" time="51.391">
    <failure type="java.lang.AssertionError" message="The following asserts failed:
	TestCase 06 - Filter by discount Failed expected [0] but found [3]">
      <![CDATA[java.lang.AssertionError: The following asserts failed:
TestCase 06 - Filter by discount Failed expected [0] but found [3]
at ECommerce_TestCases.TestCase06.searching_Wt_Filters(TestCase06.java:52)
at java.base/java.util.ArrayList.forEach(ArrayList.java:1597)
at java.base/java.util.concurrent.FutureTask.run(FutureTask.java:317)
at java.base/java.util.concurrent.ThreadPoolExecutor.runWorker(ThreadPoolExecutor.java:1144)
at java.base/java.util.concurrent.ThreadPoolExecutor$Worker.run(ThreadPoolExecutor.java:642)
at java.base/java.lang.Thread.run(Thread.java:1570)
... Removed 17 stack frames]]>
    </failure>
  </testcase> <!-- searching_Wt_Filters -->
  <testcase classname="ECommerce_TestCases.TestCase07" name="product_Info" time="22.929"/>
  <testcase classname="ECommerce_TestCases.TestCase09" name="AddToCartTest_ProdctDeatils_Pg" time="10.13">
    <skipped/>
  </testcase> <!-- AddToCartTest_ProdctDeatils_Pg -->
  <testcase classname="ECommerce_TestCases.TestCase09" name="AddToCartTest_ProdctDeatils_Pg" time="23.313"/>
  <testcase classname="ECommerce_TestCases.TestCase10" name="cartUpdateTest" time="51.371"/>
  <testcase classname="ECommerce_TestCases.TestCase11_trial" name="CheckOutProcess" time="81.413">
    <skipped/>
  </testcase> <!-- CheckOutProcess -->
  <testcase classname="ECommerce_TestCases.TestCase11_trial" name="CheckOutProcess" time="72.632"/>
  <testcase classname="ECommerce_TestCases.TestCase12" name="PaymentMethod_Selection" time="70.732">
    <skipped/>
  </testcase> <!-- PaymentMethod_Selection -->
  <testcase classname="ECommerce_TestCases.TestCase12" name="PaymentMethod_Selection" time="48.603"/>
  <testcase classname="ECommerce_TestCases.TestCase13" name="CheckOutProcess_Enter_PromoCode" time="24.392"/>
  <testcase classname="ECommerce_TestCases.TestCase14" name="WriteReviews" time="27.396"/>
  <testcase classname="ECommerce_TestCases.TestCase15" name="Reach_To_Cart_Test" time="14.541"/>
  <testcase classname="ECommerce_TestCases.TestCase08_trial" name="Sorting_Product_rating" time="0.0">
    <ignored/>
  </testcase> <!-- Sorting_Product_rating -->
  <testcase classname="ECommerce_TestCases.TestCase09" name="AddToCartTest_ProdctList_Pg" time="0.0">
    <ignored/>
  </testcase> <!-- AddToCartTest_ProdctList_Pg -->
  <testcase classname="ECommerce_TestCases.TestCase08_trial" name="Sorting_Product_ByPrice_HtoL" time="0.0">
    <ignored/>
  </testcase> <!-- Sorting_Product_ByPrice_HtoL -->
</testsuite> <!-- Test -->
