<?xml version="1.0" encoding="UTF-8"?>
<!-- Generated by org.testng.reporters.JUnitXMLReporter -->
<testsuite ignored="0" hostname="Pradnya-Nandrekar" failures="0" tests="2" name="Test" time="118.273" errors="0" timestamp="2025-02-11T13:23:14 IST">
  <testcase classname="ECommerce_TestCases.TestCase13" name="CheckOutProcess_Enter_PromoCode" time="62.148">
    <skipped/>
  </testcase> <!-- CheckOutProcess_Enter_PromoCode -->
  <testcase classname="ECommerce_TestCases.TestCase13" name="CheckOutProcess_Enter_PromoCode" time="49.158"/>
</testsuite> <!-- Test -->
