<?xml version="1.0" encoding="UTF-8"?>
<testng-results ignored="0" total="1" passed="1" failed="0" skipped="0">
  <reporter-output>
    <line>
      <![CDATA[Test Started]]>
    </line>
    <line>
      <![CDATA[Logged In Successfully]]>
    </line>
    <line>
      <![CDATA[Test Passed successfuly]]>
    </line>
  </reporter-output>
  <suite started-at="2024-12-04T19:11:40 IST" name="Suite" finished-at="2024-12-04T19:11:55 IST" duration-ms="14492">
    <groups>
    </groups>
    <test started-at="2024-12-04T19:11:40 IST" name="Test" finished-at="2024-12-04T19:11:55 IST" duration-ms="14492">
      <class name="ECommerce_TestCases.TestCase02">
        <test-method is-config="true" signature="Launch_Amazon(java.lang.String)[pri:0, instance:ECommerce_TestCases.TestCase02@506ae4d4]" started-at="2024-12-04T19:11:40 IST" name="Launch_Amazon" finished-at="2024-12-04T19:11:46 IST" duration-ms="5935" status="PASS">
          <params>
            <param index="0">
              <value>
                <![CDATA[chrome]]>
              </value>
            </param>
          </params>
          <reporter-output>
          </reporter-output>
        </test-method> <!-- Launch_Amazon -->
        <test-method signature="SignIn()[pri:0, instance:ECommerce_TestCases.TestCase02@506ae4d4]" started-at="2024-12-04T19:11:46 IST" name="SignIn" finished-at="2024-12-04T19:11:55 IST" duration-ms="8493" status="PASS">
          <reporter-output>
            <line>
              <![CDATA[Test Started]]>
            </line>
            <line>
              <![CDATA[Logged In Successfully]]>
            </line>
            <line>
              <![CDATA[Test Passed successfuly]]>
            </line>
          </reporter-output>
        </test-method> <!-- SignIn -->
      </class> <!-- ECommerce_TestCases.TestCase02 -->
    </test> <!-- Test -->
  </suite> <!-- Suite -->
</testng-results>
